2025-07-02 10:21:23,597 - INFO - ====== WebDriver manager ======
2025-07-02 10:21:25,080 - INFO - Get LATEST chromedriver version for google-chrome
2025-07-02 10:21:25,144 - INFO - Get LATEST chromedriver version for google-chrome
2025-07-02 10:21:25,180 - INFO - There is no [win64] chromedriver "137.0.7151.119" for browser google-chrome "137.0.7151" in cache
2025-07-02 10:21:25,181 - INFO - Get LATEST chromedriver version for google-chrome
2025-07-02 10:21:25,643 - INFO - WebDriver version 137.0.7151.119 selected
2025-07-02 10:21:25,652 - INFO - Modern chrome version https://storage.googleapis.com/chrome-for-testing-public/137.0.7151.119/win32/chromedriver-win32.zip
2025-07-02 10:21:25,655 - INFO - About to download new driver from https://storage.googleapis.com/chrome-for-testing-public/137.0.7151.119/win32/chromedriver-win32.zip
2025-07-02 10:21:25,787 - INFO - Driver downloading response is 200
2025-07-02 10:21:26,643 - INFO - Get LATEST chromedriver version for google-chrome
2025-07-02 10:21:27,060 - INFO - Driver has been saved in cache [C:\Users\User\.wdm\drivers\chromedriver\win64\137.0.7151.119]
2025-07-02 10:22:21,220 - INFO - ÅÇ 1: ±âº» ¸ðµ¨ »ç¿ë Áß
2025-07-03 20:45:21,235 - INFO - ====== WebDriver manager ======
2025-07-03 20:45:22,976 - INFO - Get LATEST chromedriver version for google-chrome
2025-07-03 20:45:23,041 - INFO - Get LATEST chromedriver version for google-chrome
2025-07-03 20:45:23,076 - INFO - Get LATEST chromedriver version for google-chrome
2025-07-03 20:45:23,184 - INFO - WebDriver version 137.0.7151.119 selected
2025-07-03 20:45:23,189 - INFO - Modern chrome version https://storage.googleapis.com/chrome-for-testing-public/137.0.7151.119/win32/chromedriver-win32.zip
2025-07-03 20:45:23,190 - INFO - About to download new driver from https://storage.googleapis.com/chrome-for-testing-public/137.0.7151.119/win32/chromedriver-win32.zip
2025-07-03 20:45:23,269 - INFO - Driver downloading response is 200
2025-07-03 20:45:24,047 - INFO - Get LATEST chromedriver version for google-chrome
2025-07-03 20:45:24,200 - INFO - Driver has been saved in cache [C:\Users\USER\.wdm\drivers\chromedriver\win64\137.0.7151.119]
2025-07-03 20:46:00,566 - INFO - ====== WebDriver manager ======
2025-07-03 20:46:02,014 - INFO - Get LATEST chromedriver version for google-chrome
2025-07-03 20:46:02,054 - INFO - Get LATEST chromedriver version for google-chrome
2025-07-03 20:46:02,088 - INFO - Driver [C:\Users\USER\.wdm\drivers\chromedriver\win64\137.0.7151.119\chromedriver-win32/chromedriver.exe] found in cache
2025-07-03 20:47:01,624 - INFO - ÅÇ 1: ±âº» ¸ðµ¨ »ç¿ë Áß
